<?xml version="1.0" encoding="UTF-8"?>
<!-- Generated by org.testng.reporters.JUnitXMLReporter -->
<testsuite ignored="0" hostname="LTIN147859" failures="0" tests="3" name="Default test" time="117.421" errors="0" timestamp="2023-06-23T14:06:34 IST">
  <testcase classname="TestSuite.AllTest" name="testOne" time="20.99"/>
  <testcase classname="TestSuite.AllTest" name="testTwo" time="80.169"/>
  <testcase classname="TestSuite.AllTest" name="testThree" time="16.206"/>
</testsuite> <!-- Default test -->
