<?xml version="1.0" encoding="UTF-8"?>
<testng-results ignored="0" total="3" passed="3" failed="0" skipped="0">
  <reporter-output>
  </reporter-output>
  <suite started-at="2023-06-23T14:04:37 IST" name="Default suite" finished-at="2023-06-23T14:06:34 IST" duration-ms="117421">
    <groups>
    </groups>
    <test started-at="2023-06-23T14:04:37 IST" name="Default test" finished-at="2023-06-23T14:06:34 IST" duration-ms="117421">
      <class name="TestSuite.AllTest">
        <test-method is-config="true" signature="driverCall()[pri:0, instance:TestSuite.AllTest@2d901eb0]" started-at="2023-06-23T14:04:28 IST" name="driverCall" finished-at="2023-06-23T14:04:37 IST" duration-ms="9141" status="PASS">
          <reporter-output>
          </reporter-output>
        </test-method> <!-- driverCall -->
        <test-method signature="testOne()[pri:1, instance:TestSuite.AllTest@2d901eb0]" started-at="2023-06-23T14:04:37 IST" name="testOne" finished-at="2023-06-23T14:04:58 IST" duration-ms="20990" status="PASS">
          <reporter-output>
          </reporter-output>
        </test-method> <!-- testOne -->
        <test-method signature="testTwo()[pri:2, instance:TestSuite.AllTest@2d901eb0]" started-at="2023-06-23T14:04:58 IST" name="testTwo" finished-at="2023-06-23T14:06:18 IST" duration-ms="80169" status="PASS">
          <reporter-output>
          </reporter-output>
        </test-method> <!-- testTwo -->
        <test-method signature="testThree()[pri:3, instance:TestSuite.AllTest@2d901eb0]" started-at="2023-06-23T14:06:18 IST" name="testThree" finished-at="2023-06-23T14:06:34 IST" duration-ms="16206" status="PASS">
          <reporter-output>
          </reporter-output>
        </test-method> <!-- testThree -->
      </class> <!-- TestSuite.AllTest -->
    </test> <!-- Default test -->
  </suite> <!-- Default suite -->
</testng-results>
